app/build/intermediates/manifest_merge_blame_file/debug/manifest-merger-blame-debug-report.txt
1<?xml version="1.0" encoding="utf-8"?>
2<manifest xmlns:android="http://schemas.android.com/apk/res/android"
3    package="com.unifiedhr.system"
4    android:versionCode="1"
5    android:versionName="1.0" >
6
7    <uses-sdk
8        android:minSdkVersion="24"
9        android:targetSdkVersion="35" />
10
11    <uses-permission android:name="android.permission.INTERNET" />
11-->src\main\AndroidManifest.xml:5:5-67
11-->src\main\AndroidManifest.xml:5:22-64
12    <uses-permission android:name="android.permission.ACCESS_NETWORK_STATE" />
12-->src\main\AndroidManifest.xml:6:5-79
12-->src\main\AndroidManifest.xml:6:22-76
13    <uses-permission android:name="android.permission.ACCESS_FINE_LOCATION" />
13-->src\main\AndroidManifest.xml:7:5-79
13-->src\main\AndroidManifest.xml:7:22-76
14    <uses-permission android:name="android.permission.ACCESS_COARSE_LOCATION" />
14-->src\main\AndroidManifest.xml:8:5-81
14-->src\main\AndroidManifest.xml:8:22-78
15    <uses-permission android:name="android.permission.CAMERA" />
15-->src\main\AndroidManifest.xml:9:5-65
15-->src\main\AndroidManifest.xml:9:22-62
16    <uses-permission android:name="android.permission.READ_EXTERNAL_STORAGE" />
16-->src\main\AndroidManifest.xml:10:5-80
16-->src\main\AndroidManifest.xml:10:22-77
17    <uses-permission
17-->src\main\AndroidManifest.xml:11:5-13:38
18        android:name="android.permission.WRITE_EXTERNAL_STORAGE"
18-->src\main\AndroidManifest.xml:12:9-65
19        android:maxSdkVersion="28" />
19-->src\main\AndroidManifest.xml:13:9-35
20
21    <uses-feature
21-->src\main\AndroidManifest.xml:15:5-17:36
22        android:name="android.hardware.camera"
22-->src\main\AndroidManifest.xml:16:9-47
23        android:required="false" />
23-->src\main\AndroidManifest.xml:17:9-33
24
25    <uses-permission android:name="android.permission.USE_BIOMETRIC" /> <!-- suppress DeprecatedClassUsageInspection -->
25-->[androidx.biometric:biometric:1.1.0] AndroidManifest.xml:24:5-72
25-->[androidx.biometric:biometric:1.1.0] AndroidManifest.xml:24:22-69
26    <uses-permission android:name="android.permission.USE_FINGERPRINT" />
26-->[androidx.biometric:biometric:1.1.0] AndroidManifest.xml:27:5-74
26-->[androidx.biometric:biometric:1.1.0] AndroidManifest.xml:27:22-71
27
28    <uses-feature
28-->[com.google.android.gms:play-services-maps:18.1.0] AndroidManifest.xml:26:5-28:35
29        android:glEsVersion="0x00020000"
29-->[com.google.android.gms:play-services-maps:18.1.0] AndroidManifest.xml:27:9-41
30        android:required="true" />
30-->[com.google.android.gms:play-services-maps:18.1.0] AndroidManifest.xml:28:9-32
31
32    <queries>
32-->[com.google.android.gms:play-services-maps:18.1.0] AndroidManifest.xml:30:5-34:15
33
34        <!-- Needs to be explicitly declared on Android R+ -->
35        <package android:name="com.google.android.apps.maps" />
35-->[com.google.android.gms:play-services-maps:18.1.0] AndroidManifest.xml:33:9-64
35-->[com.google.android.gms:play-services-maps:18.1.0] AndroidManifest.xml:33:18-61
36    </queries>
37
38    <uses-feature
38-->[com.journeyapps:zxing-android-embedded:4.3.0] AndroidManifest.xml:28:5-30:36
39        android:name="android.hardware.camera.front"
39-->[com.journeyapps:zxing-android-embedded:4.3.0] AndroidManifest.xml:29:9-53
40        android:required="false" /> <!-- TODO replace above two with next line after Android 4.2 -->
40-->[com.journeyapps:zxing-android-embedded:4.3.0] AndroidManifest.xml:30:9-33
41    <!-- <uses-feature android:name="android.hardware.camera.any"/> -->
42    <uses-feature
42-->[com.journeyapps:zxing-android-embedded:4.3.0] AndroidManifest.xml:33:5-35:36
43        android:name="android.hardware.camera.autofocus"
43-->[com.journeyapps:zxing-android-embedded:4.3.0] AndroidManifest.xml:34:9-57
44        android:required="false" />
44-->[com.journeyapps:zxing-android-embedded:4.3.0] AndroidManifest.xml:35:9-33
45    <uses-feature
45-->[com.journeyapps:zxing-android-embedded:4.3.0] AndroidManifest.xml:36:5-38:36
46        android:name="android.hardware.camera.flash"
46-->[com.journeyapps:zxing-android-embedded:4.3.0] AndroidManifest.xml:37:9-53
47        android:required="false" />
47-->[com.journeyapps:zxing-android-embedded:4.3.0] AndroidManifest.xml:38:9-33
48    <uses-feature
48-->[com.journeyapps:zxing-android-embedded:4.3.0] AndroidManifest.xml:39:5-41:36
49        android:name="android.hardware.screen.landscape"
49-->[com.journeyapps:zxing-android-embedded:4.3.0] AndroidManifest.xml:40:9-57
50        android:required="false" />
50-->[com.journeyapps:zxing-android-embedded:4.3.0] AndroidManifest.xml:41:9-33
51    <uses-feature
51-->[com.journeyapps:zxing-android-embedded:4.3.0] AndroidManifest.xml:42:5-44:36
52        android:name="android.hardware.wifi"
52-->[com.journeyapps:zxing-android-embedded:4.3.0] AndroidManifest.xml:43:9-45
53        android:required="false" />
53-->[com.journeyapps:zxing-android-embedded:4.3.0] AndroidManifest.xml:44:9-33
54
55    <uses-permission android:name="com.google.android.providers.gsf.permission.READ_GSERVICES" />
55-->[com.google.android.recaptcha:recaptcha:18.6.1] AndroidManifest.xml:9:5-98
55-->[com.google.android.recaptcha:recaptcha:18.6.1] AndroidManifest.xml:9:22-95
56
57    <permission
57-->[androidx.core:core:1.15.0] AndroidManifest.xml:22:5-24:47
58        android:name="com.unifiedhr.system.DYNAMIC_RECEIVER_NOT_EXPORTED_PERMISSION"
58-->[androidx.core:core:1.15.0] AndroidManifest.xml:23:9-81
59        android:protectionLevel="signature" />
59-->[androidx.core:core:1.15.0] AndroidManifest.xml:24:9-44
60
61    <uses-permission android:name="com.unifiedhr.system.DYNAMIC_RECEIVER_NOT_EXPORTED_PERMISSION" />
61-->[androidx.core:core:1.15.0] AndroidManifest.xml:26:5-97
61-->[androidx.core:core:1.15.0] AndroidManifest.xml:26:22-94
62
63    <application
63-->src\main\AndroidManifest.xml:19:5-134:19
64        android:allowBackup="true"
64-->src\main\AndroidManifest.xml:20:9-35
65        android:appComponentFactory="androidx.core.app.CoreComponentFactory"
65-->[androidx.core:core:1.15.0] AndroidManifest.xml:28:18-86
66        android:debuggable="true"
67        android:extractNativeLibs="false"
68        android:icon="@mipmap/ic_launcher"
68-->src\main\AndroidManifest.xml:21:9-43
69        android:label="@string/app_name"
69-->src\main\AndroidManifest.xml:22:9-41
70        android:roundIcon="@mipmap/ic_launcher_round"
70-->src\main\AndroidManifest.xml:23:9-54
71        android:supportsRtl="true"
71-->src\main\AndroidManifest.xml:24:9-35
72        android:testOnly="true"
73        android:theme="@style/Theme.UnifiedHRSystem" >
73-->src\main\AndroidManifest.xml:25:9-53
74        <activity
74-->src\main\AndroidManifest.xml:27:9-29:40
75            android:name="com.unifiedhr.system.ui.EmployeeFeedbackActivity"
75-->src\main\AndroidManifest.xml:28:13-56
76            android:exported="false" />
76-->src\main\AndroidManifest.xml:29:13-37
77        <activity
77-->src\main\AndroidManifest.xml:30:9-32:40
78            android:name="com.unifiedhr.system.ui.ManagerCombinedKRAActivity"
78-->src\main\AndroidManifest.xml:31:13-58
79            android:exported="false" />
79-->src\main\AndroidManifest.xml:32:13-37
80        <activity
80-->src\main\AndroidManifest.xml:33:9-35:40
81            android:name="com.unifiedhr.system.ui.UpdateKRAProgressActivity"
81-->src\main\AndroidManifest.xml:34:13-57
82            android:exported="false" />
82-->src\main\AndroidManifest.xml:35:13-37
83        <activity
83-->src\main\AndroidManifest.xml:36:9-38:40
84            android:name="com.unifiedhr.system.ui.KRAListActivity"
84-->src\main\AndroidManifest.xml:37:13-47
85            android:exported="false" />
85-->src\main\AndroidManifest.xml:38:13-37
86        <activity
86-->src\main\AndroidManifest.xml:39:9-41:40
87            android:name="com.unifiedhr.system.ui.CreateKRAActivity"
87-->src\main\AndroidManifest.xml:40:13-49
88            android:exported="false" />
88-->src\main\AndroidManifest.xml:41:13-37
89        <activity
89-->src\main\AndroidManifest.xml:42:9-45:73
90            android:name="com.unifiedhr.system.ui.ManagerAttendanceRequestsActivity"
90-->src\main\AndroidManifest.xml:43:13-65
91            android:exported="false"
91-->src\main\AndroidManifest.xml:44:13-37
92            android:parentActivityName="com.unifiedhr.system.ui.ManagerDashboardActivity" />
92-->src\main\AndroidManifest.xml:45:13-70
93        <activity
93-->src\main\AndroidManifest.xml:46:9-49:76
94            android:name="com.unifiedhr.system.ui.AdminLoginRequestsActivity"
94-->src\main\AndroidManifest.xml:47:13-58
95            android:exported="false"
95-->src\main\AndroidManifest.xml:48:13-37
96            android:parentActivityName="com.unifiedhr.system.ui.SuperAdminDashboardActivity" />
96-->src\main\AndroidManifest.xml:49:13-73
97        <activity
97-->src\main\AndroidManifest.xml:50:9-52:40
98            android:name="com.unifiedhr.system.ui.SuperAdminDashboardActivity"
98-->src\main\AndroidManifest.xml:51:13-59
99            android:exported="false" />
99-->src\main\AndroidManifest.xml:52:13-37
100        <activity
100-->src\main\AndroidManifest.xml:53:9-62:20
101            android:name="com.unifiedhr.system.ui.SplashActivity"
101-->src\main\AndroidManifest.xml:54:13-46
102            android:exported="true"
102-->src\main\AndroidManifest.xml:55:13-36
103            android:theme="@style/Theme.UnifiedHRSystem" >
103-->src\main\AndroidManifest.xml:56:13-57
104            <intent-filter>
104-->src\main\AndroidManifest.xml:57:13-61:29
105                <action android:name="android.intent.action.MAIN" />
105-->src\main\AndroidManifest.xml:58:17-69
105-->src\main\AndroidManifest.xml:58:25-66
106
107                <category android:name="android.intent.category.LAUNCHER" />
107-->src\main\AndroidManifest.xml:60:17-77
107-->src\main\AndroidManifest.xml:60:27-74
108            </intent-filter>
109        </activity>
110        <activity
110-->src\main\AndroidManifest.xml:63:9-65:40
111            android:name="com.unifiedhr.system.ui.LoginActivity"
111-->src\main\AndroidManifest.xml:64:13-45
112            android:exported="false" />
112-->src\main\AndroidManifest.xml:65:13-37
113        <activity
113-->src\main\AndroidManifest.xml:66:9-68:40
114            android:name="com.unifiedhr.system.ui.AdminDashboardActivity"
114-->src\main\AndroidManifest.xml:67:13-54
115            android:exported="false" />
115-->src\main\AndroidManifest.xml:68:13-37
116        <activity
116-->src\main\AndroidManifest.xml:69:9-71:40
117            android:name="com.unifiedhr.system.ui.AdminRegistrationActivity"
117-->src\main\AndroidManifest.xml:70:13-57
118            android:exported="false" />
118-->src\main\AndroidManifest.xml:71:13-37
119        <activity
119-->src\main\AndroidManifest.xml:72:9-74:40
120            android:name="com.unifiedhr.system.ui.ManagerDashboardActivity"
120-->src\main\AndroidManifest.xml:73:13-56
121            android:exported="false" />
121-->src\main\AndroidManifest.xml:74:13-37
122        <activity
122-->src\main\AndroidManifest.xml:75:9-77:40
123            android:name="com.unifiedhr.system.ui.EmployeeDashboardActivity"
123-->src\main\AndroidManifest.xml:76:13-57
124            android:exported="false" />
124-->src\main\AndroidManifest.xml:77:13-37
125        <activity
125-->src\main\AndroidManifest.xml:78:9-80:40
126            android:name="com.unifiedhr.system.ui.AttendanceActivity"
126-->src\main\AndroidManifest.xml:79:13-50
127            android:exported="false" />
127-->src\main\AndroidManifest.xml:80:13-37
128        <activity
128-->src\main\AndroidManifest.xml:81:9-83:40
129            android:name="com.unifiedhr.system.ui.TaskManagementActivity"
129-->src\main\AndroidManifest.xml:82:13-54
130            android:exported="false" />
130-->src\main\AndroidManifest.xml:83:13-37
131        <activity
131-->src\main\AndroidManifest.xml:84:9-87:71
132            android:name="com.unifiedhr.system.ui.AdminAttendanceRequestsActivity"
132-->src\main\AndroidManifest.xml:85:13-63
133            android:exported="false"
133-->src\main\AndroidManifest.xml:86:13-37
134            android:parentActivityName="com.unifiedhr.system.ui.AdminDashboardActivity" />
134-->src\main\AndroidManifest.xml:87:13-68
135        <activity
135-->src\main\AndroidManifest.xml:88:9-90:40
136            android:name="com.unifiedhr.system.ui.RecruitmentActivity"
136-->src\main\AndroidManifest.xml:89:13-51
137            android:exported="false" />
137-->src\main\AndroidManifest.xml:90:13-37
138        <activity
138-->src\main\AndroidManifest.xml:91:9-93:40
139            android:name="com.unifiedhr.system.ui.ManagerManagementActivity"
139-->src\main\AndroidManifest.xml:92:13-57
140            android:exported="false" />
140-->src\main\AndroidManifest.xml:93:13-37
141        <activity
141-->src\main\AndroidManifest.xml:94:9-96:40
142            android:name="com.unifiedhr.system.ui.TeamManagementActivity"
142-->src\main\AndroidManifest.xml:95:13-54
143            android:exported="false" />
143-->src\main\AndroidManifest.xml:96:13-37
144        <activity
144-->src\main\AndroidManifest.xml:97:9-100:74
145            android:name="com.unifiedhr.system.ui.KRAActivity"
145-->src\main\AndroidManifest.xml:98:13-43
146            android:exported="false"
146-->src\main\AndroidManifest.xml:99:13-37
147            android:parentActivityName="com.unifiedhr.system.ui.EmployeeDashboardActivity" />
147-->src\main\AndroidManifest.xml:100:13-71
148        <activity
148-->src\main\AndroidManifest.xml:101:9-104:74
149            android:name="com.unifiedhr.system.ui.DailyReportActivity"
149-->src\main\AndroidManifest.xml:102:13-51
150            android:exported="false"
150-->src\main\AndroidManifest.xml:103:13-37
151            android:parentActivityName="com.unifiedhr.system.ui.EmployeeDashboardActivity" />
151-->src\main\AndroidManifest.xml:104:13-71
152        <activity
152-->src\main\AndroidManifest.xml:105:9-107:40
153            android:name="com.unifiedhr.system.ui.JobSeekerDashboardActivity"
153-->src\main\AndroidManifest.xml:106:13-58
154            android:exported="false" />
154-->src\main\AndroidManifest.xml:107:13-37
155        <activity
155-->src\main\AndroidManifest.xml:108:9-110:40
156            android:name="com.unifiedhr.system.ui.JobDetailActivity"
156-->src\main\AndroidManifest.xml:109:13-49
157            android:exported="false" />
157-->src\main\AndroidManifest.xml:110:13-37
158        <activity
158-->src\main\AndroidManifest.xml:111:9-113:40
159            android:name="com.unifiedhr.system.ui.MessagingActivity"
159-->src\main\AndroidManifest.xml:112:13-49
160            android:exported="false" />
160-->src\main\AndroidManifest.xml:113:13-37
161        <activity
161-->src\main\AndroidManifest.xml:114:9-116:40
162            android:name="com.unifiedhr.system.ui.ApplicantsActivity"
162-->src\main\AndroidManifest.xml:115:13-50
163            android:exported="false" />
163-->src\main\AndroidManifest.xml:116:13-37
164        <activity
164-->src\main\AndroidManifest.xml:117:9-119:40
165            android:name="com.unifiedhr.system.ui.AttendanceMonitoringActivity"
165-->src\main\AndroidManifest.xml:118:13-60
166            android:exported="false" />
166-->src\main\AndroidManifest.xml:119:13-37
167
168        <meta-data
168-->src\main\AndroidManifest.xml:121:9-123:57
169            android:name="preloaded_fonts"
169-->src\main\AndroidManifest.xml:122:13-43
170            android:resource="@array/preloaded_fonts" />
170-->src\main\AndroidManifest.xml:123:13-54
171
172        <provider
173            android:name="androidx.core.content.FileProvider"
173-->src\main\AndroidManifest.xml:126:13-62
174            android:authorities="com.unifiedhr.system.fileprovider"
174-->src\main\AndroidManifest.xml:127:13-64
175            android:exported="false"
175-->src\main\AndroidManifest.xml:128:13-37
176            android:grantUriPermissions="true" >
176-->src\main\AndroidManifest.xml:129:13-47
177            <meta-data
177-->src\main\AndroidManifest.xml:130:13-132:63
178                android:name="android.support.FILE_PROVIDER_PATHS"
178-->src\main\AndroidManifest.xml:131:17-67
179                android:resource="@xml/file_provider_paths" />
179-->src\main\AndroidManifest.xml:132:17-60
180        </provider>
181
182        <activity
182-->[com.google.firebase:firebase-auth:24.0.1] AndroidManifest.xml:29:9-46:20
183            android:name="com.google.firebase.auth.internal.GenericIdpActivity"
183-->[com.google.firebase:firebase-auth:24.0.1] AndroidManifest.xml:30:13-80
184            android:excludeFromRecents="true"
184-->[com.google.firebase:firebase-auth:24.0.1] AndroidManifest.xml:31:13-46
185            android:exported="true"
185-->[com.google.firebase:firebase-auth:24.0.1] AndroidManifest.xml:32:13-36
186            android:launchMode="singleTask"
186-->[com.google.firebase:firebase-auth:24.0.1] AndroidManifest.xml:33:13-44
187            android:theme="@android:style/Theme.Translucent.NoTitleBar" >
187-->[com.google.firebase:firebase-auth:24.0.1] AndroidManifest.xml:34:13-72
188            <intent-filter>
188-->[com.google.firebase:firebase-auth:24.0.1] AndroidManifest.xml:35:13-45:29
189                <action android:name="android.intent.action.VIEW" />
189-->[com.google.firebase:firebase-auth:24.0.1] AndroidManifest.xml:36:17-69
189-->[com.google.firebase:firebase-auth:24.0.1] AndroidManifest.xml:36:25-66
190
191                <category android:name="android.intent.category.DEFAULT" />
191-->[com.google.firebase:firebase-auth:24.0.1] AndroidManifest.xml:38:17-76
191-->[com.google.firebase:firebase-auth:24.0.1] AndroidManifest.xml:38:27-73
192                <category android:name="android.intent.category.BROWSABLE" />
192-->[com.google.firebase:firebase-auth:24.0.1] AndroidManifest.xml:39:17-78
192-->[com.google.firebase:firebase-auth:24.0.1] AndroidManifest.xml:39:27-75
193
194                <data
194-->[com.google.firebase:firebase-auth:24.0.1] AndroidManifest.xml:41:17-44:51
195                    android:host="firebase.auth"
195-->[com.google.firebase:firebase-auth:24.0.1] AndroidManifest.xml:42:21-49
196                    android:path="/"
196-->[com.google.firebase:firebase-auth:24.0.1] AndroidManifest.xml:43:21-37
197                    android:scheme="genericidp" />
197-->[com.google.firebase:firebase-auth:24.0.1] AndroidManifest.xml:44:21-48
198            </intent-filter>
199        </activity>
200        <activity
200-->[com.google.firebase:firebase-auth:24.0.1] AndroidManifest.xml:47:9-64:20
201            android:name="com.google.firebase.auth.internal.RecaptchaActivity"
201-->[com.google.firebase:firebase-auth:24.0.1] AndroidManifest.xml:48:13-79
202            android:excludeFromRecents="true"
202-->[com.google.firebase:firebase-auth:24.0.1] AndroidManifest.xml:49:13-46
203            android:exported="true"
203-->[com.google.firebase:firebase-auth:24.0.1] AndroidManifest.xml:50:13-36
204            android:launchMode="singleTask"
204-->[com.google.firebase:firebase-auth:24.0.1] AndroidManifest.xml:51:13-44
205            android:theme="@android:style/Theme.Translucent.NoTitleBar" >
205-->[com.google.firebase:firebase-auth:24.0.1] AndroidManifest.xml:52:13-72
206            <intent-filter>
206-->[com.google.firebase:firebase-auth:24.0.1] AndroidManifest.xml:53:13-63:29
207                <action android:name="android.intent.action.VIEW" />
207-->[com.google.firebase:firebase-auth:24.0.1] AndroidManifest.xml:36:17-69
207-->[com.google.firebase:firebase-auth:24.0.1] AndroidManifest.xml:36:25-66
208
209                <category android:name="android.intent.category.DEFAULT" />
209-->[com.google.firebase:firebase-auth:24.0.1] AndroidManifest.xml:38:17-76
209-->[com.google.firebase:firebase-auth:24.0.1] AndroidManifest.xml:38:27-73
210                <category android:name="android.intent.category.BROWSABLE" />
210-->[com.google.firebase:firebase-auth:24.0.1] AndroidManifest.xml:39:17-78
210-->[com.google.firebase:firebase-auth:24.0.1] AndroidManifest.xml:39:27-75
211
212                <data
212-->[com.google.firebase:firebase-auth:24.0.1] AndroidManifest.xml:41:17-44:51
213                    android:host="firebase.auth"
213-->[com.google.firebase:firebase-auth:24.0.1] AndroidManifest.xml:42:21-49
214                    android:path="/"
214-->[com.google.firebase:firebase-auth:24.0.1] AndroidManifest.xml:43:21-37
215                    android:scheme="recaptcha" />
215-->[com.google.firebase:firebase-auth:24.0.1] AndroidManifest.xml:44:21-48
216            </intent-filter>
217        </activity>
218
219        <service
219-->[com.google.firebase:firebase-auth:24.0.1] AndroidManifest.xml:66:9-72:19
220            android:name="com.google.firebase.components.ComponentDiscoveryService"
220-->[com.google.firebase:firebase-auth:24.0.1] AndroidManifest.xml:67:13-84
221            android:directBootAware="true"
221-->[com.google.firebase:firebase-common:22.0.1] AndroidManifest.xml:32:13-43
222            android:exported="false" >
222-->[com.google.firebase:firebase-auth:24.0.1] AndroidManifest.xml:68:13-37
223            <meta-data
223-->[com.google.firebase:firebase-auth:24.0.1] AndroidManifest.xml:69:13-71:85
224                android:name="com.google.firebase.components:com.google.firebase.auth.FirebaseAuthRegistrar"
224-->[com.google.firebase:firebase-auth:24.0.1] AndroidManifest.xml:70:17-109
225                android:value="com.google.firebase.components.ComponentRegistrar" />
225-->[com.google.firebase:firebase-auth:24.0.1] AndroidManifest.xml:71:17-82
226            <meta-data
226-->[com.google.firebase:firebase-database:22.0.1] AndroidManifest.xml:29:13-31:85
227                android:name="com.google.firebase.components:com.google.firebase.database.FirebaseDatabaseKtxRegistrar"
227-->[com.google.firebase:firebase-database:22.0.1] AndroidManifest.xml:30:17-120
228                android:value="com.google.firebase.components.ComponentRegistrar" />
228-->[com.google.firebase:firebase-database:22.0.1] AndroidManifest.xml:31:17-82
229            <meta-data
229-->[com.google.firebase:firebase-database:22.0.1] AndroidManifest.xml:32:13-34:85
230                android:name="com.google.firebase.components:com.google.firebase.database.DatabaseRegistrar"
230-->[com.google.firebase:firebase-database:22.0.1] AndroidManifest.xml:33:17-109
231                android:value="com.google.firebase.components.ComponentRegistrar" />
231-->[com.google.firebase:firebase-database:22.0.1] AndroidManifest.xml:34:17-82
232            <meta-data
232-->[com.google.firebase:firebase-common:22.0.1] AndroidManifest.xml:35:13-37:85
233                android:name="com.google.firebase.components:com.google.firebase.FirebaseCommonKtxRegistrar"
233-->[com.google.firebase:firebase-common:22.0.1] AndroidManifest.xml:36:17-109
234                android:value="com.google.firebase.components.ComponentRegistrar" />
234-->[com.google.firebase:firebase-common:22.0.1] AndroidManifest.xml:37:17-82
235        </service>
236        <service
236-->[androidx.credentials:credentials-play-services-auth:1.5.0] AndroidManifest.xml:24:9-32:19
237            android:name="androidx.credentials.playservices.CredentialProviderMetadataHolder"
237-->[androidx.credentials:credentials-play-services-auth:1.5.0] AndroidManifest.xml:25:13-94
238            android:enabled="true"
238-->[androidx.credentials:credentials-play-services-auth:1.5.0] AndroidManifest.xml:26:13-35
239            android:exported="false" >
239-->[androidx.credentials:credentials-play-services-auth:1.5.0] AndroidManifest.xml:27:13-37
240            <meta-data
240-->[androidx.credentials:credentials-play-services-auth:1.5.0] AndroidManifest.xml:29:13-31:104
241                android:name="androidx.credentials.CREDENTIAL_PROVIDER_KEY"
241-->[androidx.credentials:credentials-play-services-auth:1.5.0] AndroidManifest.xml:30:17-76
242                android:value="androidx.credentials.playservices.CredentialProviderPlayServicesImpl" />
242-->[androidx.credentials:credentials-play-services-auth:1.5.0] AndroidManifest.xml:31:17-101
243        </service>
244
245        <activity
245-->[androidx.credentials:credentials-play-services-auth:1.5.0] AndroidManifest.xml:34:9-41:20
246            android:name="androidx.credentials.playservices.HiddenActivity"
246-->[androidx.credentials:credentials-play-services-auth:1.5.0] AndroidManifest.xml:35:13-76
247            android:configChanges="orientation|screenSize|screenLayout|keyboardHidden"
247-->[androidx.credentials:credentials-play-services-auth:1.5.0] AndroidManifest.xml:36:13-87
248            android:enabled="true"
248-->[androidx.credentials:credentials-play-services-auth:1.5.0] AndroidManifest.xml:37:13-35
249            android:exported="false"
249-->[androidx.credentials:credentials-play-services-auth:1.5.0] AndroidManifest.xml:38:13-37
250            android:fitsSystemWindows="true"
250-->[androidx.credentials:credentials-play-services-auth:1.5.0] AndroidManifest.xml:39:13-45
251            android:theme="@style/Theme.Hidden" >
251-->[androidx.credentials:credentials-play-services-auth:1.5.0] AndroidManifest.xml:40:13-48
252        </activity>
253        <activity
253-->[androidx.credentials:credentials-play-services-auth:1.5.0] AndroidManifest.xml:42:9-49:20
254            android:name="androidx.credentials.playservices.IdentityCredentialApiHiddenActivity"
254-->[androidx.credentials:credentials-play-services-auth:1.5.0] AndroidManifest.xml:43:13-97
255            android:configChanges="orientation|screenSize|screenLayout|keyboardHidden"
255-->[androidx.credentials:credentials-play-services-auth:1.5.0] AndroidManifest.xml:44:13-87
256            android:enabled="true"
256-->[androidx.credentials:credentials-play-services-auth:1.5.0] AndroidManifest.xml:45:13-35
257            android:exported="false"
257-->[androidx.credentials:credentials-play-services-auth:1.5.0] AndroidManifest.xml:46:13-37
258            android:fitsSystemWindows="true"
258-->[androidx.credentials:credentials-play-services-auth:1.5.0] AndroidManifest.xml:47:13-45
259            android:theme="@style/Theme.Hidden" >
259-->[androidx.credentials:credentials-play-services-auth:1.5.0] AndroidManifest.xml:48:13-48
260        </activity> <!-- Needs to be explicitly declared on P+ -->
261        <uses-library
261-->[com.google.android.gms:play-services-maps:18.1.0] AndroidManifest.xml:39:9-41:40
262            android:name="org.apache.http.legacy"
262-->[com.google.android.gms:play-services-maps:18.1.0] AndroidManifest.xml:40:13-50
263            android:required="false" />
263-->[com.google.android.gms:play-services-maps:18.1.0] AndroidManifest.xml:41:13-37
264
265        <activity
265-->[com.journeyapps:zxing-android-embedded:4.3.0] AndroidManifest.xml:47:9-53:63
266            android:name="com.journeyapps.barcodescanner.CaptureActivity"
266-->[com.journeyapps:zxing-android-embedded:4.3.0] AndroidManifest.xml:48:13-74
267            android:clearTaskOnLaunch="true"
267-->[com.journeyapps:zxing-android-embedded:4.3.0] AndroidManifest.xml:49:13-45
268            android:screenOrientation="sensorLandscape"
268-->[com.journeyapps:zxing-android-embedded:4.3.0] AndroidManifest.xml:50:13-56
269            android:stateNotNeeded="true"
269-->[com.journeyapps:zxing-android-embedded:4.3.0] AndroidManifest.xml:51:13-42
270            android:theme="@style/zxing_CaptureTheme"
270-->[com.journeyapps:zxing-android-embedded:4.3.0] AndroidManifest.xml:52:13-54
271            android:windowSoftInputMode="stateAlwaysHidden" />
271-->[com.journeyapps:zxing-android-embedded:4.3.0] AndroidManifest.xml:53:13-60
272        <activity
272-->[com.google.android.gms:play-services-auth:21.1.1] AndroidManifest.xml:23:9-27:75
273            android:name="com.google.android.gms.auth.api.signin.internal.SignInHubActivity"
273-->[com.google.android.gms:play-services-auth:21.1.1] AndroidManifest.xml:24:13-93
274            android:excludeFromRecents="true"
274-->[com.google.android.gms:play-services-auth:21.1.1] AndroidManifest.xml:25:13-46
275            android:exported="false"
275-->[com.google.android.gms:play-services-auth:21.1.1] AndroidManifest.xml:26:13-37
276            android:theme="@android:style/Theme.Translucent.NoTitleBar" />
276-->[com.google.android.gms:play-services-auth:21.1.1] AndroidManifest.xml:27:13-72
277        <!--
278            Service handling Google Sign-In user revocation. For apps that do not integrate with
279            Google Sign-In, this service will never be started.
280        -->
281        <service
281-->[com.google.android.gms:play-services-auth:21.1.1] AndroidManifest.xml:33:9-37:51
282            android:name="com.google.android.gms.auth.api.signin.RevocationBoundService"
282-->[com.google.android.gms:play-services-auth:21.1.1] AndroidManifest.xml:34:13-89
283            android:exported="true"
283-->[com.google.android.gms:play-services-auth:21.1.1] AndroidManifest.xml:35:13-36
284            android:permission="com.google.android.gms.auth.api.signin.permission.REVOCATION_NOTIFICATION"
284-->[com.google.android.gms:play-services-auth:21.1.1] AndroidManifest.xml:36:13-107
285            android:visibleToInstantApps="true" />
285-->[com.google.android.gms:play-services-auth:21.1.1] AndroidManifest.xml:37:13-48
286
287        <provider
287-->[com.google.firebase:firebase-common:22.0.1] AndroidManifest.xml:23:9-28:39
288            android:name="com.google.firebase.provider.FirebaseInitProvider"
288-->[com.google.firebase:firebase-common:22.0.1] AndroidManifest.xml:24:13-77
289            android:authorities="com.unifiedhr.system.firebaseinitprovider"
289-->[com.google.firebase:firebase-common:22.0.1] AndroidManifest.xml:25:13-72
290            android:directBootAware="true"
290-->[com.google.firebase:firebase-common:22.0.1] AndroidManifest.xml:26:13-43
291            android:exported="false"